<?xml version="1.0" encoding="UTF-8"?>
<!-- Generated by org.testng.reporters.JUnitReportReporter -->
<testsuite hostname="polpc00246" name="com.wikia.homework.LoginSuccessfulTest" tests="1" failures="0" timestamp="21 Jun 2015 21:30:05 GMT" time="16.830" errors="0">
  <testcase name="loginSuccessful" time="16.830" classname="com.wikia.homework.LoginSuccessfulTest"/>
</testsuite> <!-- com.wikia.homework.LoginSuccessfulTest -->
